This is XeTeX, Version 3.1415926-2.2-0.9997.4 (TeX Live 2010) (format=xelatex 2010.11.15)  6 APR 2015 21:44
entering extended mode
 restricted \write18 enabled.
 %&-line parsing enabled.
**hughjpaterson2014thesis.tex
(./hughjpaterson2014thesis.tex
LaTeX2e <2009/09/24>
Babel <v3.8l> and hyphenation patterns for english, dumylang, nohyphenation, ge
rman-x-2009-06-19, ngerman-x-2009-06-19, afrikaans, ancientgreek, ibycus, arabi
c, armenian, basque, bulgarian, catalan, pinyin, coptic, croatian, czech, danis
h, dutch, ukenglish, usenglishmax, esperanto, estonian, farsi, finnish, french,
 galician, german, ngerman, swissgerman, monogreek, greek, hungarian, icelandic
, assamese, bengali, gujarati, hindi, kannada, malayalam, marathi, oriya, panja
bi, tamil, telugu, indonesian, interlingua, irish, italian, kurmanji, lao, lati
n, latvian, lithuanian, mongolian, mongolianlmc, bokmal, nynorsk, polish, portu
guese, romanian, russian, sanskrit, serbian, slovak, slovenian, spanish, swedis
h, turkish, turkmen, ukrainian, uppersorbian, welsh, loaded.
(/usr/local/texlivexlingpaper/2009basic/texmf-dist/tex/latex/base/book.cls
Document Class: book 2007/10/19 v1.4h Standard LaTeX document class
(/usr/local/texlivexlingpaper/2009basic/texmf-dist/tex/latex/base/bk11.clo
File: bk11.clo 2007/10/19 v1.4h Standard LaTeX file (size option)
)
\c@part=\count80
\c@chapter=\count81
\c@section=\count82
\c@subsection=\count83
\c@subsubsection=\count84
\c@paragraph=\count85
\c@subparagraph=\count86
\c@figure=\count87
\c@table=\count88
\abovecaptionskip=\skip41
\belowcaptionskip=\skip42
\bibindent=\dimen102
)
(/usr/local/texlivexlingpaper/2009basic/texmf-dist/tex/latex/needspace/needspac
e.sty
Package: needspace 2010/09/12 v1.3c reserve vertical space
)
(/usr/local/texlivexlingpaper/2009basic/texmf-dist/tex/latex/xltxtra/xltxtra.st
y
Package: xltxtra 2010/09/20 v0.5e Improvements for the "XeLaTeX" format

(/usr/local/texlivexlingpaper/2009basic/texmf-dist/tex/generic/oberdiek/ifluate
x.sty
Package: ifluatex 2010/03/01 v1.3 Provides the ifluatex switch (HO)
Package ifluatex Info: LuaTeX not detected.
)
(/usr/local/texlivexlingpaper/2009basic/texmf-dist/tex/generic/ifxetex/ifxetex.
sty
Package: ifxetex 2010/09/12 v0.6 Provides ifxetex conditional
)
(/usr/local/texlivexlingpaper/2009basic/texmf-dist/tex/latex/fontspec/fontspec.
sty
Package: fontspec 2010/11/07 v2.1d Advanced font selection for XeLaTeX/LuaLaTeX


(/usr/local/texlivexlingpaper/2009basic/texmf-dist/tex/latex/expl3/expl3.sty
(/usr/local/texlivexlingpaper/2009basic/texmf-dist/tex/latex/expl3/l3names.sty
Package: l3names 2010/10/03 v2064 L3 Experimental Naming Scheme for TeX Primiti
ves
)
Package: expl3 2010/10/02 v2056 L3 Experimental code bundle wrapper
(/usr/local/texlivexlingpaper/2009basic/texmf-dist/tex/latex/etex-pkg/etex.sty
Package: etex 1998/03/26 v2.0 eTeX basic definition package (PEB)
\et@xins=\count89
)
(/usr/local/texlivexlingpaper/2009basic/texmf-dist/tex/latex/expl3/l3basics.sty
Package: l3basics 2010/10/03 v2063 L3 Experimental basic definitions
)
(/usr/local/texlivexlingpaper/2009basic/texmf-dist/tex/latex/expl3/l3expan.sty
Package: l3expan 2010/09/20 v2037 L3 Experimental Argument Expansion module
) (/usr/local/texlivexlingpaper/2009basic/texmf-dist/tex/latex/expl3/l3tl.sty
Package: l3tl 2010/10/29 v2081 L3 Experimental Token Lists
)
(/usr/local/texlivexlingpaper/2009basic/texmf-dist/tex/latex/expl3/l3int.sty
Package: l3int 2010/10/17 v2077 L3 Experimental Integer module
\l_tmpa_int=\count90
\l_tmpb_int=\count91
\l_tmpc_int=\count92
\g_tmpa_int=\count93
\g_tmpb_int=\count94
\c_max_int=\count95
\g_tl_inline_level_int=\count96
)
(/usr/local/texlivexlingpaper/2009basic/texmf-dist/tex/latex/expl3/l3quark.sty
Package: l3quark 2010/09/20 v2036 L3 Experimental Quark Commands
) (/usr/local/texlivexlingpaper/2009basic/texmf-dist/tex/latex/expl3/l3seq.sty
Package: l3seq 2010/03/29 v1879 L3 Experimental sequences and stacks
)
(/usr/local/texlivexlingpaper/2009basic/texmf-dist/tex/latex/expl3/l3toks.sty
Package: l3toks 2010/09/20 v2037 L3 Experimental Token Registers
\l_tmpb_toks=\toks14
\l_tmpc_toks=\toks15
\g_tmpa_toks=\toks16
\g_tmpb_toks=\toks17
\g_tmpc_toks=\toks18
\c_empty_toks=\toks19
\l_tl_replace_toks=\toks20
)
(/usr/local/texlivexlingpaper/2009basic/texmf-dist/tex/latex/expl3/l3prg.sty
Package: l3prg 2010/10/03 v2063 L3 Experimental control structures
\g_prg_inline_level_int=\count97
)
(/usr/local/texlivexlingpaper/2009basic/texmf-dist/tex/latex/expl3/l3clist.sty
Package: l3clist 2010/10/09 v2071 L3 Experimental comma separated lists
\g_clist_map_inline_int=\count98
) (/usr/local/texlivexlingpaper/2009basic/texmf-dist/tex/latex/expl3/l3token.st
y
Package: l3token 2010/10/03 v2063 L3 Experimental token investigation and manip
ulation
) (/usr/local/texlivexlingpaper/2009basic/texmf-dist/tex/latex/expl3/l3prop.sty
Package: l3prop 2010/03/21 v1857 L3 Experimental Property Lists
\g_prop_inline_level_int=\count99
) (/usr/local/texlivexlingpaper/2009basic/texmf-dist/tex/latex/expl3/l3msg.sty
Package: l3msg 2010/10/02 v2052 L3 Experimental LaTeX Messages module
\l_msg_redirect_classes_prop=\toks21
\l_msg_redirect_names_prop=\toks22
\l_msg_redirect_fatal_prop=\toks23
\l_msg_redirect_error_prop=\toks24
\l_msg_redirect_warning_prop=\toks25
\l_msg_redirect_info_prop=\toks26
\l_msg_redirect_log_prop=\toks27
\l_msg_redirect_trace_prop=\toks28
\l_msg_redirect_none_prop=\toks29
) (/usr/local/texlivexlingpaper/2009basic/texmf-dist/tex/latex/expl3/l3io.sty
Package: l3io 2010/10/03 v2063 L3 Experimental i/o module
\g_iow_streams_prop=\toks30
\g_ior_streams_prop=\toks31
\l_iow_stream_int=\count100
)
(/usr/local/texlivexlingpaper/2009basic/texmf-dist/tex/latex/expl3/l3skip.sty
Package: l3skip 2010/10/03 v2063 L3 Experimental skip registers
\l_tmpa_skip=\skip43
\l_tmpb_skip=\skip44
\l_tmpc_skip=\skip45
\g_tmpa_skip=\skip46
\g_tmpb_skip=\skip47
\l_tmpa_dim=\dimen103
\l_tmpb_dim=\dimen104
\l_tmpc_dim=\dimen105
\l_tmpd_dim=\dimen106
\g_tmpa_dim=\dimen107
\g_tmpb_dim=\dimen108
)
(/usr/local/texlivexlingpaper/2009basic/texmf-dist/tex/latex/expl3/l3box.sty
Package: l3box 2010/09/26 v2048 L3 Experimental Box module
\l_tmpb_box=\box26
)
(/usr/local/texlivexlingpaper/2009basic/texmf-dist/tex/latex/expl3/l3keyval.sty
Package: l3keyval 2010/04/11 v1890 L3 Experimental keyval processing
\l_KV_level_int=\count101
) (/usr/local/texlivexlingpaper/2009basic/texmf-dist/tex/latex/expl3/l3keys.sty
Package: l3keys 2010/10/27 v2079 L3 Experimental key-value support
\l_keys_choice_int=\count102
)
(/usr/local/texlivexlingpaper/2009basic/texmf-dist/tex/latex/expl3/l3precom.sty
Package: l3precom 2010/02/09 v1793 L3 Experimental precompilation module
\g_gen_sym_int=\count103
\g_ggen_sym_int=\count104
) (/usr/local/texlivexlingpaper/2009basic/texmf-dist/tex/latex/expl3/l3xref.sty
Package: l3xref 2010/02/09 v1786 L3 Experimental cross referencing
\g_xref_all_curr_immediate_fields_prop=\toks32
\g_xref_all_curr_deferred_fields_prop=\toks33
) (/usr/local/texlivexlingpaper/2009basic/texmf-dist/tex/latex/expl3/l3file.sty
Package: l3file 2010/03/21 v1853 L3 Experimental file loading
) (/usr/local/texlivexlingpaper/2009basic/texmf-dist/tex/latex/expl3/l3fp.sty
Package: l3fp 2010/10/27 v2080 L3 Experimental floating-point operations
\c_forty_four=\count105
\c_one_hundred=\count106
\c_one_thousand=\count107
\c_one_million=\count108
\c_one_hundred_million=\count109
\c_five_hundred_million=\count110
\c_one_thousand_million=\count111
\c_fp_pi_by_four_decimal_int=\count112
\c_fp_pi_by_four_extended_int=\count113
\c_fp_pi_decimal_int=\count114
\c_fp_pi_extended_int=\count115
\c_fp_two_pi_decimal_int=\count116
\c_fp_two_pi_extended_int=\count117
\l_fp_count_int=\count118
\l_fp_div_offset_int=\count119
\l_fp_input_a_sign_int=\count120
\l_fp_input_a_integer_int=\count121
\l_fp_input_a_decimal_int=\count122
\l_fp_input_a_exponent_int=\count123
\l_fp_input_b_sign_int=\count124
\l_fp_input_b_integer_int=\count125
\l_fp_input_b_decimal_int=\count126
\l_fp_input_b_exponent_int=\count127
\l_fp_input_a_extended_int=\count128
\l_fp_input_b_extended_int=\count129
\l_fp_mul_a_i_int=\count130
\l_fp_mul_a_ii_int=\count131
\l_fp_mul_a_iii_int=\count132
\l_fp_mul_a_iv_int=\count133
\l_fp_mul_a_v_int=\count134
\l_fp_mul_a_vi_int=\count135
\l_fp_mul_b_i_int=\count136
\l_fp_mul_b_ii_int=\count137
\l_fp_mul_b_iii_int=\count138
\l_fp_mul_b_iv_int=\count139
\l_fp_mul_b_v_int=\count140
\l_fp_mul_b_vi_int=\count141
\l_fp_mul_output_int=\count142
\l_fp_output_sign_int=\count143
\l_fp_output_integer_int=\count144
\l_fp_output_decimal_int=\count145
\l_fp_output_exponent_int=\count146
\l_fp_output_extended_int=\count147
\l_fp_round_position_int=\count148
\l_fp_round_target_int=\count149
\l_fp_split_sign_int=\count150
\l_fp_tmp_int=\count151
\l_fp_trig_octant_int=\count152
\l_fp_trig_sign_int=\count153
\l_fp_trig_decimal_int=\count154
\l_fp_trig_extended_int=\count155
\l_fp_tmp_dim=\dimen109
\l_fp_tmp_skip=\skip48
)
(/usr/local/texlivexlingpaper/2009basic/texmf-dist/tex/latex/expl3/l3luatex.sty
Package: l3luatex 2010/07/18 v1985 L3 Experimental LuaTeX functions
\g_cctab_allocate_int=\count156
\g_cctab_stack_int=\count157
) (/usr/local/texlivexlingpaper/2009basic/texmf-dist/tex/latex/tools/calc.sty
Package: calc 2007/08/22 v4.3 Infix arithmetic (KKT,FJ)
\calc@Acount=\count158
\calc@Bcount=\count159
\calc@Adimen=\dimen110
\calc@Bdimen=\dimen111
\calc@Askip=\skip49
\calc@Bskip=\skip50
LaTeX Info: Redefining \setlength on input line 76.
LaTeX Info: Redefining \addtolength on input line 77.
\calc@Ccount=\count160
\calc@Cskip=\skip51
))
(/usr/local/texlivexlingpaper/2009basic/texmf-dist/tex/latex/xpackages/xbase/xp
arse.sty
Package: xparse 2010/10/13 v2073 Generic document command parser
\c_xparse_shorthands_prop=\toks34
\l_xparse_m_args_int=\count161
\l_xparse_mandatory_args_int=\count162
\l_xparse_processor_int=\count163
\l_xparse_total_args_int=\count164
)
(/usr/local/texlivexlingpaper/2009basic/texmf-dist/tex/generic/kastrup/binhex.t
ex)
\l_fontspec_script_int=\count165
\l_fontspec_language_int=\count166
\l_fontspec_strnum_int=\count167
Variant \tl_gset:cV already defined; not changing it on line 79

(/usr/local/texlivexlingpaper/2009basic/texmf-dist/tex/latex/xkeyval/xkeyval.st
y
Package: xkeyval 2008/08/13 v2.6a package option processing (HA)

(/usr/local/texlivexlingpaper/2009basic/texmf-dist/tex/generic/xkeyval/xkeyval.
tex
\XKV@toks=\toks35
\XKV@tempa@toks=\toks36
\XKV@depth=\count168
File: xkeyval.tex 2008/08/13 v2.6a key=value parser (HA)

(/usr/local/texlivexlingpaper/2009basic/texmf-dist/tex/generic/xkeyval/keyval.t
ex)))
(/usr/local/texlivexlingpaper/2009basic/texmf-dist/tex/latex/fontspec/fontspec-
patches.sty
Package: fontspec-patches 2010/11/07 v2.1d Advanced font selection for XeLaTeX/
LuaLaTeX

(/usr/local/texlivexlingpaper/2009basic/texmf-dist/tex/latex/base/fixltx2e.sty
Package: fixltx2e 2006/09/13 v1.1m fixes to LaTeX
LaTeX Info: Redefining \em on input line 420.
)
LaTeX Info: Redefining \em on input line 22.
LaTeX Info: Redefining \emph on input line 29.
LaTeX Info: Redefining \- on input line 32.
) (/usr/local/texlivexlingpaper/2009basic/texmf-dist/tex/latex/base/fontenc.sty
Package: fontenc 2005/09/27 v1.99g Standard LaTeX package
(/usr/local/texlivexlingpaper/2009basic/texmf-dist/tex/latex/euenc/eu1enc.def
File: eu1enc.def 2010/05/27 v0.1h Experimental Unicode font encodings
)
LaTeX Font Info:    Try loading font information for EU1+lmr on input line 100.


(/usr/local/texlivexlingpaper/2009basic/texmf-dist/tex/latex/euenc/eu1lmr.fd
File: eu1lmr.fd 2009/10/30 v1.6 Font defs for Latin Modern
))
(/usr/local/texlivexlingpaper/2009basic/texmf-dist/tex/xelatex/xunicode/xunicod
e.sty
File: xunicode.sty 2010/05/18 v0.95 provides access to latin accents and many o
ther characters in Unicode lower plane
)
 LaTeX info: Defining document command \fontspec
(LaTeX)  with arg. spec. 'O{}m' on line 322.

 LaTeX info: Defining document command \setmainfont
(LaTeX)  with arg. spec. 'O{}m' on line 326.

 LaTeX info: Defining document command \setsansfont
(LaTeX)  with arg. spec. 'O{}m' on line 330.

 LaTeX info: Defining document command \setmonofont
(LaTeX)  with arg. spec. 'O{}m' on line 334.

 LaTeX info: Defining document command \setmathrm
(LaTeX)  with arg. spec. 'O{}m' on line 338.

 LaTeX info: Defining document command \setboldmathrm
(LaTeX)  with arg. spec. 'O{}m' on line 341.

 LaTeX info: Defining document command \setmathsf
(LaTeX)  with arg. spec. 'O{}m' on line 344.

 LaTeX info: Defining document command \setmathtt
(LaTeX)  with arg. spec. 'O{}m' on line 347.

 LaTeX info: Defining document command \newfontfamily
(LaTeX)  with arg. spec. 'mO{}m' on line 364.

 LaTeX info: Defining document command \newfontface
(LaTeX)  with arg. spec. 'mO{}m' on line 367.

 LaTeX info: Defining document command \defaultfontfeatures
(LaTeX)  with arg. spec. 'm' on line 370.

 LaTeX info: Defining document command \addfontfeatures
(LaTeX)  with arg. spec. 'm' on line 387.

 LaTeX info: Defining document command \newfontfeature
(LaTeX)  with arg. spec. 'mm' on line 394.

 LaTeX info: Defining document command \newAATfeature
(LaTeX)  with arg. spec. 'mmmm' on line 403.

 LaTeX info: Defining document command \newICUfeature
(LaTeX)  with arg. spec. 'mmm' on line 412.

 LaTeX info: Defining document command \aliasfontfeature
(LaTeX)  with arg. spec. 'mm' on line 414.

 LaTeX info: Defining document command \aliasfontfeatureoption
(LaTeX)  with arg. spec. 'mmm' on line 417.

 LaTeX info: Defining document command \newfontscript
(LaTeX)  with arg. spec. 'mm' on line 422.

 LaTeX info: Defining document command \newfontlanguage
(LaTeX)  with arg. spec. 'mm' on line 444.

 LaTeX info: Defining document command \DeclareFontsExtensions
(LaTeX)  with arg. spec. 'm' on line 461.

\c@fontspec_tmp_int=\count169
LaTeX Info: Redefining \itshape on input line 2071.
LaTeX Info: Redefining \slshape on input line 2075.
LaTeX Info: Redefining \scshape on input line 2079.
LaTeX Info: Redefining \upshape on input line 2083.

(/usr/local/texlivexlingpaper/2009basic/texmf-dist/tex/latex/fontspec/fontspec.
cfg))
(/usr/local/texlivexlingpaper/2009basic/texmf-dist/tex/latex/realscripts/realsc
ripts.sty
Package: realscripts 2010/09/30 v0.3 Access OpenType subscripts and superscript
s
 LaTeX info: Defining document command \fakesubscript
(LaTeX)  with arg. spec. 'm' on line 19.

 LaTeX info: Defining document command \fakesuperscript
(LaTeX)  with arg. spec. 'm' on line 22.

 LaTeX info: Redefining document command \textsubscript
(LaTeX)  with arg. spec. 's' on line 25.

 LaTeX info: Redefining document command \textsuperscript
(LaTeX)  with arg. spec. 's' on line 28.

 LaTeX info: Defining document command \realsubscript
(LaTeX)  with arg. spec. 'm' on line 45.

 LaTeX info: Defining document command \realsuperscript
(LaTeX)  with arg. spec. 'm' on line 60.

 LaTeX info: Defining document command \textsubsuperscript
(LaTeX)  with arg. spec. 'sO{l}mm' on line 137.

 LaTeX info: Defining document command \textsupersubscript
(LaTeX)  with arg. spec. 'sO{l}mm' on line 140.

\subsupersep=\dimen112
)
(/usr/local/texlivexlingpaper/2009basic/texmf-dist/tex/latex/metalogo/metalogo.
sty
Package: metalogo 2010/05/29 v0.12 Extended TeX logo macros

(/usr/local/texlivexlingpaper/2009basic/texmf-dist/tex/latex/graphics/graphicx.
sty
Package: graphicx 1999/02/16 v1.0f Enhanced LaTeX Graphics (DPC,SPQR)

(/usr/local/texlivexlingpaper/2009basic/texmf-dist/tex/latex/graphics/graphics.
sty
Package: graphics 2009/02/05 v1.0o Standard LaTeX Graphics (DPC,SPQR)

(/usr/local/texlivexlingpaper/2009basic/texmf-dist/tex/latex/graphics/trig.sty
Package: trig 1999/03/16 v1.09 sin cos tan (DPC)
)
(/usr/local/texlivexlingpaper/2009basic/texmf-dist/tex/latex/latexconfig/graphi
cs.cfg
File: graphics.cfg 2010/04/23 v1.9 graphics configuration of TeX Live
)
Package graphics Info: Driver file: xetex.def on input line 91.

(/usr/local/texlivexlingpaper/2009basic/texmf-dist/tex/xelatex/xetex-def/xetex.
def
File: xetex.def 2009/11/22 v0.94 LaTeX color/graphics driver for XeTeX (RRM/JK)

))
\Gin@req@height=\dimen113
\Gin@req@width=\dimen114
)
\xl@everylogo=\toks37
\xl@@everylogo=\toks38
LaTeX Info: Redefining \TeX on input line 193.
LaTeX Info: Redefining \LaTeX on input line 202.
LaTeX Info: Redefining \LaTeXe on input line 219.
)
\xxt@tempbox=\box27
)
(/usr/local/texlivexlingpaper/2009basic/texmf-dist/tex/latex/setspace/setspace.
sty
Package: setspace 2000/12/01 6.7 Contributed and Supported LaTeX2e package

Package: `setspace' 6.7 <2000/12/01>
) (/usr/local/texlivexlingpaper/2009basic/texmf-dist/tex/generic/ulem/ulem.sty
\UL@box=\box28
\UL@hyphenbox=\box29
\UL@skip=\skip52
\UL@hook=\toks39
\UL@pe=\count170
\UL@pixel=\dimen115
\ULC@box=\box30
Package: ulem 2010/10/03
\ULdepth=\dimen116
)
(/usr/local/texlivexlingpaper/2009basic/texmf-dist/tex/latex/graphics/color.sty
Package: color 2005/11/14 v1.0j Standard LaTeX Color (DPC)

(/usr/local/texlivexlingpaper/2009basic/texmf-dist/tex/latex/latexconfig/color.
cfg
File: color.cfg 2007/01/18 v1.5 color configuration of teTeX/TeXLive
)
Package color Info: Driver file: xetex.def on input line 130.
)
(/usr/local/texlivexlingpaper/2009basic/texmf-dist/tex/latex/colortbl/colortbl.
sty
Package: colortbl 2001/02/13 v0.1j Color table columns (DPC)

(/usr/local/texlivexlingpaper/2009basic/texmf-dist/tex/latex/tools/array.sty
Package: array 2008/09/09 v2.4c Tabular extension package (FMi)
\col@sep=\dimen117
\extrarowheight=\dimen118
\NC@list=\toks40
\extratabsurround=\skip53
\backup@length=\skip54
)
\everycr=\toks41
\minrowclearance=\skip55
)
(/usr/local/texlivexlingpaper/2009basic/texmf-dist/tex/latex/tools/tabularx.sty
Package: tabularx 1999/01/07 v2.07 `tabularx' package (DPC)
\TX@col@width=\dimen119
\TX@old@table=\dimen120
\TX@old@col=\dimen121
\TX@target=\dimen122
\TX@delta=\dimen123
\TX@cols=\count171
\TX@ftn=\toks42
)
(/usr/local/texlivexlingpaper/2009basic/texmf-dist/tex/latex/tools/longtable.st
y
Package: longtable 2004/02/01 v4.11 Multi-page Table package (DPC)
\LTleft=\skip56
\LTright=\skip57
\LTpre=\skip58
\LTpost=\skip59
\LTchunksize=\count172
\LTcapwidth=\dimen124
\LT@head=\box31
\LT@firsthead=\box32
\LT@foot=\box33
\LT@lastfoot=\box34
\LT@cols=\count173
\LT@rows=\count174
\c@LT@tables=\count175
\c@LT@chunks=\count176
\LT@p@ftn=\toks43
)
(/usr/local/texlivexlingpaper/2009basic/texmf-dist/tex/latex/multirow/multirow.
sty
\bigstrutjot=\dimen125
)
(/usr/local/texlivexlingpaper/2009basic/texmf-dist/tex/latex/booktabs/booktabs.
sty
Package: booktabs 2005/04/14 v1.61803 publication quality tables
\heavyrulewidth=\dimen126
\lightrulewidth=\dimen127
\cmidrulewidth=\dimen128
\belowrulesep=\dimen129
\belowbottomsep=\dimen130
\aboverulesep=\dimen131
\abovetopsep=\dimen132
\cmidrulesep=\dimen133
\cmidrulekern=\dimen134
\defaultaddspace=\dimen135
\@cmidla=\count177
\@cmidlb=\count178
\@aboverulesep=\dimen136
\@belowrulesep=\dimen137
\@thisruleclass=\count179
\@lastruleclass=\count180
\@thisrulewidth=\dimen138
)
(/usr/local/texlivexlingpaper/2009basic/texmf-dist/tex/latex/fancyhdr/fancyhdr.
sty
\fancy@headwidth=\skip60
\f@ncyO@elh=\skip61
\f@ncyO@erh=\skip62
\f@ncyO@olh=\skip63
\f@ncyO@orh=\skip64
\f@ncyO@elf=\skip65
\f@ncyO@erf=\skip66
\f@ncyO@olf=\skip67
\f@ncyO@orf=\skip68
)
(/usr/local/texlivexlingpaper/2009basic/texmf-dist/tex/latex/hyperref/hyperref.
sty
Package: hyperref 2010/10/30 v6.81t Hypertext links for LaTeX

(/usr/local/texlivexlingpaper/2009basic/texmf-dist/tex/generic/oberdiek/ltxcmds
.sty
Package: ltxcmds 2010/04/26 v1.7 LaTeX kernel commands for general use (HO)
)
(/usr/local/texlivexlingpaper/2009basic/texmf-dist/tex/generic/oberdiek/infware
rr.sty
Package: infwarerr 2010/04/08 v1.3 Providing info/warning/message (HO)
)
(/usr/local/texlivexlingpaper/2009basic/texmf-dist/tex/generic/oberdiek/kvsetke
ys.sty
Package: kvsetkeys 2010/03/01 v1.9 Key value parser (HO)

(/usr/local/texlivexlingpaper/2009basic/texmf-dist/tex/generic/oberdiek/etexcmd
s.sty
Package: etexcmds 2010/01/28 v1.3 Prefix for e-TeX command names (HO)
Package etexcmds Info: Could not find \expanded.
(etexcmds)             That can mean that you are not using pdfTeX 1.50 or
(etexcmds)             that some package has redefined \expanded.
(etexcmds)             In the latter case, load this package earlier.
))
(/usr/local/texlivexlingpaper/2009basic/texmf-dist/tex/generic/oberdiek/pdfesca
pe.sty
Package: pdfescape 2010/03/01 v1.9 Provides hex, PDF name and string conversion
s (HO)

(/usr/local/texlivexlingpaper/2009basic/texmf-dist/tex/generic/oberdiek/pdftexc
mds.sty
Package: pdftexcmds 2010/04/01 v0.9 Utility functions of pdfTeX for LuaTeX (HO)

Package pdftexcmds Info: LuaTeX not detected.
Package pdftexcmds Info: pdfTeX >= 1.30 not detected.
Package pdftexcmds Info: \pdf@primitive is available.
Package pdftexcmds Info: \pdf@ifprimitive is available.
))
(/usr/local/texlivexlingpaper/2009basic/texmf-dist/tex/generic/oberdiek/ifpdf.s
ty
Package: ifpdf 2010/01/28 v2.1 Provides the ifpdf switch (HO)
Package ifpdf Info: pdfTeX in pdf mode not detected.
)
(/usr/local/texlivexlingpaper/2009basic/texmf-dist/tex/generic/oberdiek/ifvtex.
sty
Package: ifvtex 2010/03/01 v1.5 Switches for detecting VTeX and its modes (HO)
Package ifvtex Info: VTeX not detected.
)
(/usr/local/texlivexlingpaper/2009basic/texmf-dist/tex/latex/oberdiek/hycolor.s
ty
Package: hycolor 2009/12/12 v1.6 Color options of hyperref/bookmark (HO)

(/usr/local/texlivexlingpaper/2009basic/texmf-dist/tex/latex/oberdiek/xcolor-pa
tch.sty
Package: xcolor-patch 2009/12/12 xcolor patch
))
(/usr/local/texlivexlingpaper/2009basic/texmf-dist/tex/latex/oberdiek/letltxmac
ro.sty
Package: letltxmacro 2008/06/24 v1.3 Let assignment for LaTeX macros (HO)
)
(/usr/local/texlivexlingpaper/2009basic/texmf-dist/tex/latex/oberdiek/kvoptions
.sty
Package: kvoptions 2010/02/22 v3.7 Keyval support for LaTeX options (HO)
)
\@linkdim=\dimen139
\Hy@linkcounter=\count181
\Hy@pagecounter=\count182

(/usr/local/texlivexlingpaper/2009basic/texmf-dist/tex/latex/hyperref/pd1enc.de
f
File: pd1enc.def 2010/10/30 v6.81t Hyperref: PDFDocEncoding definition (HO)
)
(/usr/local/texlivexlingpaper/2009basic/texmf-dist/tex/generic/oberdiek/intcalc
.sty
Package: intcalc 2007/09/27 v1.1 Expandable integer calculations (HO)
)
\Hy@SavedSpaceFactor=\count183

(/usr/local/texlivexlingpaper/2009basic/texmf-dist/tex/xelatex/xetexconfig/hype
rref.cfg
File: hyperref.cfg 2008/07/11 v1.2 hyperref configuration for XeLaTeX
)

Package hyperref Warning: XeTeX driver only supports unicode.
(hyperref)                Enabling option `unicode'.

Package hyperref Info: Option `unicode' set `true' on input line 3872.

(/usr/local/texlivexlingpaper/2009basic/texmf-dist/tex/latex/hyperref/puenc.def
File: puenc.def 2010/10/30 v6.81t Hyperref: PDF Unicode definition (HO)
)
Package hyperref Info: Hyper figures OFF on input line 3976.
Package hyperref Info: Link nesting OFF on input line 3981.
Package hyperref Info: Hyper index ON on input line 3984.
Package hyperref Info: Plain pages OFF on input line 3991.
Package hyperref Info: Backreferencing OFF on input line 3996.
Package hyperref Info: Implicit mode ON; LaTeX internals redefined.
Package hyperref Info: Bookmarks ON on input line 4211.
\c@Hy@tempcnt=\count184
 (/usr/local/texlivexlingpaper/2009basic/texmf-dist/tex/latex/url/url.sty
\Urlmuskip=\muskip10
Package: url 2006/04/12  ver 3.3  Verb mode for urls, etc.
)
LaTeX Info: Redefining \url on input line 4566.

(/usr/local/texlivexlingpaper/2009basic/texmf-dist/tex/generic/oberdiek/bitset.
sty
Package: bitset 2007/09/28 v1.0 Data type bit set (HO)

(/usr/local/texlivexlingpaper/2009basic/texmf-dist/tex/generic/oberdiek/bigintc
alc.sty
Package: bigintcalc 2007/11/11 v1.1 Expandable big integer calculations (HO)
))
\Fld@menulength=\count185
\Field@Width=\dimen140
\Fld@charsize=\dimen141
Package hyperref Info: Hyper figures OFF on input line 5626.
Package hyperref Info: Link nesting OFF on input line 5631.
Package hyperref Info: Hyper index ON on input line 5634.
Package hyperref Info: backreferencing OFF on input line 5641.
Package hyperref Info: Link coloring OFF on input line 5646.
Package hyperref Info: Link coloring with OCG OFF on input line 5651.
Package hyperref Info: PDF/A mode OFF on input line 5656.
LaTeX Info: Redefining \ref on input line 5696.
LaTeX Info: Redefining \pageref on input line 5700.

(/usr/local/texlivexlingpaper/2009basic/texmf-dist/tex/generic/oberdiek/atbegsh
i.sty
Package: atbegshi 2010/03/25 v1.12 At begin shipout hook (HO)
)
\Hy@abspage=\count186
\c@Item=\count187
)

Package hyperref Message: Driver (autodetected): hxetex.


(/usr/local/texlivexlingpaper/2009basic/texmf-dist/tex/latex/hyperref/hxetex.de
f
File: hxetex.def 2010/10/30 v6.81t Hyperref driver for XeTeX

(/usr/local/texlivexlingpaper/2009basic/texmf-dist/tex/generic/oberdiek/stringe
nc.sty
Package: stringenc 2010/03/01 v1.8 Converts strings between encodings (HO)
)
\pdfm@box=\box35
\c@Hy@AnnotLevel=\count188
\HyField@AnnotCount=\count189
\Fld@listcount=\count190
\c@bookmark@seq@number=\count191

(/usr/local/texlivexlingpaper/2009basic/texmf-dist/tex/latex/oberdiek/rerunfile
check.sty
Package: rerunfilecheck 2010/03/16 v1.6 Rerun checks for auxiliary files (HO)
Package rerunfilecheck Info: Feature \pdfmdfivesum is not available
(rerunfilecheck)             (e.g. pdfTeX or LuaTeX with package `pdftexcmds').

(rerunfilecheck)             Therefore file contents cannot be checked efficien
tly
(rerunfilecheck)             and the loading of the package is aborted.
)
\Hy@SectionHShift=\skip69
)
Package hyperref Info: Option `colorlinks' set `true' on input line 29.
Package hyperref Info: Option `bookmarksopen' set `true' on input line 29.
\g_fontspec_family_Charis SIL_int=\count192
 fontspec info: Defining font family 'CharisSIL(0)' for font 'Charis SIL' with 
options [].

\g_fontspec_CharisSIL(0)_prop=\toks44
 fontspec info: Defining shape 'normal' with NFSS spec.:
(fontspec)  <->"Charis SIL/ICU:script=latn;language=DFLT;"

 fontspec info: Defining shape 'small caps' with NFSS spec.:
(fontspec)  <->"Charis SIL/ICU:script=latn;language=DFLT;+smcp;"

 fontspec info: Defining shape 'bold' with NFSS spec.:
(fontspec)  <->"Charis SIL/B/ICU:script=latn;language=DFLT;"

 fontspec info: Defining shape 'bold small caps' with NFSS spec.:
(fontspec)  <->"Charis SIL/B/ICU:script=latn;language=DFLT;+smcp;"

 fontspec info: Defining shape 'italic' with NFSS spec.:
(fontspec)  <->"Charis SIL/I/ICU:script=latn;language=DFLT;"

 fontspec info: Defining shape 'italic small caps' with NFSS spec.:
(fontspec)  <->"Charis SIL/I/ICU:script=latn;language=DFLT;+smcp;"

 fontspec info: Defining shape 'bold italic' with NFSS spec.:
(fontspec)  <->"Charis SIL/BI/ICU:script=latn;language=DFLT;"

 fontspec info: Defining shape 'bold italic small caps' with NFSS spec.:
(fontspec)  <->"Charis SIL/BI/ICU:script=latn;language=DFLT;+smcp;"

\g_fontspec_family_Charis SIL Small Caps_int=\count193
 fontspec info: Defining font family 'CharisSILSmallCaps(0)' for font 'Charis S
IL Small Caps' with options [].

\g_fontspec_CharisSILSmallCaps(0)_prop=\toks45
 fontspec info: Defining shape 'normal' with NFSS spec.:
(fontspec)  <->"Charis SIL Small Caps/ICU:script=latn;language=DFLT;"

 fontspec info: Defining shape 'small caps' with NFSS spec.:
(fontspec)  <->"Charis SIL Small Caps/ICU:script=latn;language=DFLT;+smcp;"

 fontspec info: Defining shape 'bold' with NFSS spec.:
(fontspec)  <->"Charis SIL Small Caps/B/ICU:script=latn;language=DFLT;"

 fontspec info: Defining shape 'bold small caps' with NFSS spec.:
(fontspec)  <->"Charis SIL Small Caps/B/ICU:script=latn;language=DFLT;+smcp;"

 fontspec info: Defining shape 'italic' with NFSS spec.:
(fontspec)  <->"Charis SIL Small Caps/I/ICU:script=latn;language=DFLT;"

 fontspec info: Defining shape 'italic small caps' with NFSS spec.:
(fontspec)  <->"Charis SIL Small Caps/I/ICU:script=latn;language=DFLT;+smcp;"

 fontspec info: Defining shape 'bold italic' with NFSS spec.:
(fontspec)  <->"Charis SIL Small Caps/BI/ICU:script=latn;language=DFLT;"

 fontspec info: Defining shape 'bold italic small caps' with NFSS spec.:
(fontspec)  <->"Charis SIL Small Caps/BI/ICU:script=latn;language=DFLT;+smcp;"

\g_fontspec_family_Times New Roman_int=\count194
 fontspec info: Defining font family 'TimesNewRoman(0)' for font 'Times New Rom
an' with options [].

\g_fontspec_TimesNewRoman(0)_prop=\toks46
 fontspec info: Defining shape 'normal' with NFSS spec.:
(fontspec)  <->"Times New Roman/ICU:script=latn;language=DFLT;"

 fontspec info: Defining shape 'bold' with NFSS spec.:
(fontspec)  <->"Times New Roman/B/ICU:script=latn;language=DFLT;"

 fontspec info: Defining shape 'italic' with NFSS spec.:
(fontspec)  <->"Times New Roman/I/ICU:script=latn;language=DFLT;"

 fontspec info: Defining shape 'bold italic' with NFSS spec.:
(fontspec)  <->"Times New Roman/BI/ICU:script=latn;language=DFLT;"

 (./hughjpaterson2014thesis.aux)
\openout1 = `hughjpaterson2014thesis.aux'.

LaTeX Font Info:    Checking defaults for OML/cmm/m/it on input line 68.
LaTeX Font Info:    ... okay on input line 68.
LaTeX Font Info:    Checking defaults for T1/cmr/m/n on input line 68.
LaTeX Font Info:    ... okay on input line 68.
LaTeX Font Info:    Checking defaults for OT1/cmr/m/n on input line 68.
LaTeX Font Info:    ... okay on input line 68.
LaTeX Font Info:    Checking defaults for OMS/cmsy/m/n on input line 68.
LaTeX Font Info:    ... okay on input line 68.
LaTeX Font Info:    Checking defaults for OMX/cmex/m/n on input line 68.
LaTeX Font Info:    ... okay on input line 68.
LaTeX Font Info:    Checking defaults for U/cmr/m/n on input line 68.
LaTeX Font Info:    ... okay on input line 68.
LaTeX Font Info:    Checking defaults for EU1/lmr/m/n on input line 68.
LaTeX Font Info:    ... okay on input line 68.
LaTeX Font Info:    Checking defaults for PD1/pdf/m/n on input line 68.
LaTeX Font Info:    ... okay on input line 68.
LaTeX Font Info:    Checking defaults for PU/pdf/m/n on input line 68.
LaTeX Font Info:    ... okay on input line 68.
 fontspec info: Adjusting the maths setup (use [no-math] to avoid this).

\symlegacymaths=\mathgroup4
LaTeX Font Info:    Overwriting symbol font `legacymaths' in version `bold'
(Font)                  OT1/cmr/m/n --> OT1/cmr/bx/n on input line 68.
LaTeX Font Info:    Redeclaring math accent \acute on input line 68.
LaTeX Font Info:    Redeclaring math accent \grave on input line 68.
LaTeX Font Info:    Redeclaring math accent \ddot on input line 68.
LaTeX Font Info:    Redeclaring math accent \tilde on input line 68.
LaTeX Font Info:    Redeclaring math accent \bar on input line 68.
LaTeX Font Info:    Redeclaring math accent \breve on input line 68.
LaTeX Font Info:    Redeclaring math accent \check on input line 68.
LaTeX Font Info:    Redeclaring math accent \hat on input line 68.
LaTeX Font Info:    Redeclaring math accent \dot on input line 68.
LaTeX Font Info:    Redeclaring math accent \mathring on input line 68.
LaTeX Font Info:    Redeclaring math symbol \colon on input line 68.
LaTeX Font Info:    Redeclaring math symbol \Gamma on input line 68.
LaTeX Font Info:    Redeclaring math symbol \Delta on input line 68.
LaTeX Font Info:    Redeclaring math symbol \Theta on input line 68.
LaTeX Font Info:    Redeclaring math symbol \Lambda on input line 68.
LaTeX Font Info:    Redeclaring math symbol \Xi on input line 68.
LaTeX Font Info:    Redeclaring math symbol \Pi on input line 68.
LaTeX Font Info:    Redeclaring math symbol \Sigma on input line 68.
LaTeX Font Info:    Redeclaring math symbol \Upsilon on input line 68.
LaTeX Font Info:    Redeclaring math symbol \Phi on input line 68.
LaTeX Font Info:    Redeclaring math symbol \Psi on input line 68.
LaTeX Font Info:    Redeclaring math symbol \Omega on input line 68.
LaTeX Font Info:    Redeclaring math symbol \mathdollar on input line 68.
LaTeX Font Info:    Redeclaring symbol font `operators' on input line 68.
LaTeX Font Info:    Encoding `OT1' has changed to `EU1' for symbol font
(Font)              `operators' in the math version `normal' on input line 68.
LaTeX Font Info:    Overwriting symbol font `operators' in version `normal'
(Font)                  OT1/cmr/m/n --> EU1/CharisSIL(0)/m/n on input line 68.
LaTeX Font Info:    Encoding `OT1' has changed to `EU1' for symbol font
(Font)              `operators' in the math version `bold' on input line 68.
LaTeX Font Info:    Overwriting symbol font `operators' in version `bold'
(Font)                  OT1/cmr/bx/n --> EU1/CharisSIL(0)/m/n on input line 68.

LaTeX Font Info:    Overwriting symbol font `operators' in version `normal'
(Font)                  EU1/CharisSIL(0)/m/n --> EU1/CharisSIL(0)/m/n on input 
line 68.
LaTeX Font Info:    Overwriting math alphabet `\mathrm' in version `normal'
(Font)                  EU1/CharisSIL(0)/m/n --> EU1/CharisSIL(0)/m/n on input 
line 68.
LaTeX Font Info:    Overwriting math alphabet `\mathit' in version `normal'
(Font)                  OT1/cmr/m/it --> EU1/CharisSIL(0)/m/it on input line 68
.
LaTeX Font Info:    Overwriting math alphabet `\mathbf' in version `normal'
(Font)                  OT1/cmr/bx/n --> EU1/CharisSIL(0)/bx/n on input line 68
.
LaTeX Font Info:    Overwriting math alphabet `\mathsf' in version `normal'
(Font)                  OT1/cmss/m/n --> EU1/lmss/m/n on input line 68.
LaTeX Font Info:    Overwriting math alphabet `\mathtt' in version `normal'
(Font)                  OT1/cmtt/m/n --> EU1/lmtt/m/n on input line 68.
LaTeX Font Info:    Overwriting symbol font `operators' in version `bold'
(Font)                  EU1/CharisSIL(0)/m/n --> EU1/CharisSIL(0)/bx/n on input
 line 68.
LaTeX Font Info:    Overwriting math alphabet `\mathrm' in version `bold'
(Font)                  EU1/CharisSIL(0)/m/n --> EU1/CharisSIL(0)/bx/n on input
 line 68.
LaTeX Font Info:    Overwriting math alphabet `\mathit' in version `bold'
(Font)                  OT1/cmr/bx/it --> EU1/CharisSIL(0)/bx/it on input line 
68.
LaTeX Font Info:    Overwriting math alphabet `\mathsf' in version `bold'
(Font)                  OT1/cmss/bx/n --> EU1/lmss/bx/n on input line 68.
LaTeX Font Info:    Overwriting math alphabet `\mathtt' in version `bold'
(Font)                  OT1/cmtt/m/n --> EU1/lmtt/bx/n on input line 68.
\AtBeginShipoutBox=\box36
Package hyperref Info: Link coloring ON on input line 68.

(/usr/local/texlivexlingpaper/2009basic/texmf-dist/tex/latex/hyperref/nameref.s
ty
Package: nameref 2010/04/30 v2.40 Cross-referencing by name of section

(/usr/local/texlivexlingpaper/2009basic/texmf-dist/tex/latex/oberdiek/refcount.
sty
Package: refcount 2008/08/11 v3.1 Data extraction from references (HO)
)
(/usr/local/texlivexlingpaper/2009basic/texmf-dist/tex/generic/oberdiek/gettitl
estring.sty
Package: gettitlestring 2009/12/18 v1.3 Cleanup title references (HO)
)
\c@section@level=\count195
)
LaTeX Info: Redefining \ref on input line 68.
LaTeX Info: Redefining \pageref on input line 68.
LaTeX Info: Redefining \nameref on input line 68.
 (./hughjpaterson2014thesis.out) (./hughjpaterson2014thesis.out)
\@outlinefile=\write3
\openout3 = `hughjpaterson2014thesis.out'.

\leveloneindent=\skip70
\levelonewidth=\skip71
\leveltwoindent=\skip72
\leveltwowidth=\skip73
\levelthreeindent=\skip74
\levelthreewidth=\skip75
\levelfourindent=\skip76
\levelfourwidth=\skip77
\levelfiveindent=\skip78
\levelfivewidth=\skip79
\levelsixindent=\skip80
\levelsixwidth=\skip81
\XLingPapertempdim=\dimen142
\XLingPapertempdimletter=\dimen143
\XLingPaperpnumwidth=\skip82
\XLingPapertocrmarg=\skip83
\XLingPapertempbox=\box37
\XLingPapertemplen=\skip84
\XLingPaperavailabletablewidth=\skip85
\XLingPapertableminwidth=\skip86
\XLingPapertablemaxwidth=\skip87
\XLingPapertablewidthminustableminwidth=\skip88
\XLingPapertablemaxwidthminusminwidth=\skip89
\XLingPapertablewidthratio=\skip90
\XLingPapermincola=\skip91
\XLingPapermaxcola=\skip92
\XLingPapercolawidth=\skip93
\XLingPapermincolb=\skip94
\XLingPapermaxcolb=\skip95
\XLingPapercolbwidth=\skip96
\XLingPapermincolc=\skip97
\XLingPapermaxcolc=\skip98
\XLingPapercolcwidth=\skip99
\XLingPapermincold=\skip100
\XLingPapermaxcold=\skip101
\XLingPapercoldwidth=\skip102
\XLingPapermincole=\skip103
\XLingPapermaxcole=\skip104
\XLingPapercolewidth=\skip105
\XLingPapermincolf=\skip106
\XLingPapermaxcolf=\skip107
\XLingPapercolfwidth=\skip108
\XLingPapermincolg=\skip109
\XLingPapermaxcolg=\skip110
\XLingPapercolgwidth=\skip111
\XLingPapermincolh=\skip112
\XLingPapermaxcolh=\skip113
\XLingPapercolhwidth=\skip114
\XLingPapermincoli=\skip115
\XLingPapermaxcoli=\skip116
\XLingPapercoliwidth=\skip117
\XLingPapermincolj=\skip118
\XLingPapermaxcolj=\skip119
\XLingPapercoljwidth=\skip120
\XLingPapermincolk=\skip121
\XLingPapermaxcolk=\skip122
\XLingPapercolkwidth=\skip123
\XLingPapermincoll=\skip124
\XLingPapermaxcoll=\skip125
\XLingPapercollwidth=\skip126
\XLingPapermincolm=\skip127
\XLingPapermaxcolm=\skip128
\XLingPapercolmwidth=\skip129
\XLingPapermincoln=\skip130
\XLingPapermaxcoln=\skip131
\XLingPapercolnwidth=\skip132
\XLingPapermincolo=\skip133
\XLingPapermaxcolo=\skip134
\XLingPapercolowidth=\skip135
\XLingPapermincolp=\skip136
\XLingPapermaxcolp=\skip137
\XLingPapercolpwidth=\skip138
\XLingPapermincolq=\skip139
\XLingPapermaxcolq=\skip140
\XLingPapercolqwidth=\skip141
\XLingPapermincolr=\skip142
\XLingPapermaxcolr=\skip143
\XLingPapercolrwidth=\skip144
\XLingPapermincols=\skip145
\XLingPapermaxcols=\skip146
\XLingPapercolswidth=\skip147
\XLingPapermincolt=\skip148
\XLingPapermaxcolt=\skip149
\XLingPapercoltwidth=\skip150
\XLingPapermincolu=\skip151
\XLingPapermaxcolu=\skip152
\XLingPapercoluwidth=\skip153
\XLingPapermincolv=\skip154
\XLingPapermaxcolv=\skip155
\XLingPapercolvwidth=\skip156
\XLingPapermincolw=\skip157
\XLingPapermaxcolw=\skip158
\XLingPapercolwwidth=\skip159
\XLingPapermincolx=\skip160
\XLingPapermaxcolx=\skip161
\XLingPapercolxwidth=\skip162
\XLingPapermincoly=\skip163
\XLingPapermaxcoly=\skip164
\XLingPapercolywidth=\skip165
\XLingPapermincolz=\skip166
\XLingPapermaxcolz=\skip167
\XLingPapercolzwidth=\skip168
\XLingPaperlistinexampleindent=\skip169
\XLingPaperisocodewidth=\skip170
\XLingPaperlistitemindent=\skip171
\XLingPaperbulletlistitemwidth=\skip172
\XLingPapersingledigitlistitemwidth=\skip173
\XLingPaperdoubledigitlistitemwidth=\skip174
\XLingPapertripledigitlistitemwidth=\skip175
\XLingPapersingleletterlistitemwidth=\skip176
\XLingPaperdoubleletterlistitemwidth=\skip177
\XLingPapertripleletterlistitemwidth=\skip178
\XLingPaperromanviilistitemwidth=\skip179
\XLingPaperromanviiilistitemwidth=\skip180
\XLingPaperromanxviiilistitemwidth=\skip181
\XLingPaperspacewidth=\skip182
\XLingPapersingledigitlistofwidth=\skip183
\XLingPaperdoubledigitlistofwidth=\skip184
\XLingPapertripledigitlistofwidth=\skip185
\XLingPaperexamplefreeindent=\skip186
\XLingPaperinterwordskip=\skip187
\openout8 = `hughjpaterson2014thesis.toc'.


[1


] [2

]
\XLingPapertempdim=\dimen144
LaTeX Font Info:    External font `cmex10' loaded for size
(Font)              <10.95> on input line 299.
LaTeX Font Info:    External font `cmex10' loaded for size
(Font)              <8> on input line 299.
LaTeX Font Info:    External font `cmex10' loaded for size
(Font)              <6> on input line 299.
\XLingPapertempdim=\dimen145
\XLingPapertempdim=\dimen146
\XLingPapertempdim=\dimen147
\XLingPapertempdim=\dimen148
\XLingPapertempdim=\dimen149
\XLingPapertempdim=\dimen150
\XLingPapertempdim=\dimen151
\XLingPapertempdim=\dimen152
\XLingPapertempdim=\dimen153
\XLingPapertempdim=\dimen154
\XLingPapertempdim=\dimen155
\XLingPapertempdim=\dimen156
\XLingPapertempdim=\dimen157
\XLingPapertempdim=\dimen158
\XLingPapertempdim=\dimen159
\XLingPapertempdim=\dimen160
\XLingPapertempdim=\dimen161
\XLingPapertempdim=\dimen162
\XLingPapertempdim=\dimen163
 [3


]
\XLingPapertempdim=\dimen164
\XLingPapertempdim=\dimen165
\XLingPapertempdim=\dimen166
\XLingPapertempdim=\dimen167
\XLingPapertempdim=\dimen168
\XLingPapertempdim=\dimen169
\XLingPapertempdim=\dimen170
\XLingPapertempdim=\dimen171
\XLingPapertempdim=\dimen172
\XLingPapertempdim=\dimen173
\XLingPapertempdim=\dimen174
\XLingPapertempdim=\dimen175
\XLingPapertempdim=\dimen176
\XLingPapertempdim=\dimen177
\XLingPapertempdim=\dimen178
\XLingPapertempdim=\dimen179
\XLingPapertempdim=\dimen180
\XLingPapertempdim=\dimen181
\XLingPapertempdim=\dimen182
\XLingPapertempdim=\dimen183
\XLingPapertempdim=\dimen184
\XLingPapertempdim=\dimen185
\XLingPapertempdim=\dimen186
\XLingPapertempdim=\dimen187
 [4]
\XLingPapertempdim=\dimen188
\XLingPapertempdim=\dimen189
\XLingPapertempdim=\dimen190
\XLingPapertempdim=\dimen191
\XLingPapertempdim=\dimen192
\XLingPapertempdim=\dimen193
\XLingPapertempdim=\dimen194
\XLingPapertempdim=\dimen195
\XLingPapertempdim=\dimen196
\XLingPapertempdim=\dimen197
\XLingPapertempdim=\dimen198
\XLingPapertempdim=\dimen199
\XLingPapertempdim=\dimen200
\XLingPapertempdim=\dimen201
Normal \dimen register pool exhausted, switching to extended pool.
\XLingPapertempdim=\dimen256
\XLingPapertempdim=\dimen257
\XLingPapertempdim=\dimen258
\XLingPapertempdim=\dimen259
\XLingPapertempdim=\dimen260
\XLingPapertempdim=\dimen261
\XLingPapertempdim=\dimen262
\XLingPapertempdim=\dimen263
\XLingPapertempdim=\dimen264
 [5]
\XLingPapertempdim=\dimen265
\XLingPapertempdim=\dimen266
\XLingPapertempdim=\dimen267
\XLingPapertempdim=\dimen268
\XLingPapertempdim=\dimen269
\XLingPapertempdim=\dimen270
\XLingPapertempdim=\dimen271
\XLingPapertempdim=\dimen272
\XLingPapertempdim=\dimen273
\XLingPapertempdim=\dimen274
\XLingPapertempdim=\dimen275
\XLingPapertempdim=\dimen276
\XLingPapertempdim=\dimen277
\XLingPapertempdim=\dimen278
\XLingPapertempdim=\dimen279
\XLingPapertempdim=\dimen280
\XLingPapertempdim=\dimen281
\XLingPapertempdim=\dimen282
\XLingPapertempdim=\dimen283
 [6] [7

]
\XLingPapertempdim=\dimen284
\XLingPapertempdim=\dimen285
\XLingPapertempdim=\dimen286
 [8

] [9

] [10

] [11

] [1

] [2] [3] [4]
LaTeX Font Info:    External font `cmex10' loaded for size
(Font)              <9> on input line 533.
LaTeX Font Info:    External font `cmex10' loaded for size
(Font)              <5> on input line 533.
 [5] [6] [7]
Missing character: There is no ⟨ in font Charis SIL!
Missing character: There is no ⟩ in font Charis SIL!
Missing character: There is no ⟨ in font Charis SIL!
Missing character: There is no ⟩ in font Charis SIL!

[8]
Missing character: There is no ⟨ in font Charis SIL!
Missing character: There is no ⟩ in font Charis SIL!
Missing character: There is no ⟨ in font Charis SIL!
Missing character: There is no ⟩ in font Charis SIL!
Missing character: There is no ⟨ in font Charis SIL!
Missing character: There is no ⟩ in font Charis SIL!
Missing character: There is no ⟨ in font Charis SIL!
Missing character: There is no ⟩ in font Charis SIL!
Missing character: There is no ⟨ in font Charis SIL!
Missing character: There is no ⟩ in font Charis SIL!
Missing character: There is no ⟨ in font Charis SIL!
Missing character: There is no ⟩ in font Charis SIL!
Missing character: There is no ⟨ in font Charis SIL!
Missing character: There is no ⟩ in font Charis SIL!
Missing character: There is no ⟨ in font Charis SIL!
Missing character: There is no ⟩ in font Charis SIL!
Missing character: There is no ⟨ in font Charis SIL!
Missing character: There is no ⟩ in font Charis SIL!
Missing character: There is no ⟨ in font Charis SIL!
Missing character: There is no ⟩ in font Charis SIL!
Missing character: There is no ⟨ in font Charis SIL!
Missing character: There is no ⟩ in font Charis SIL!
Missing character: There is no ⟨ in font Charis SIL!
Missing character: There is no ⟩ in font Charis SIL!
Missing character: There is no ⟨ in font Charis SIL!
Missing character: There is no ⟩ in font Charis SIL!
Missing character: There is no ⟨ in font Charis SIL!
Missing character: There is no ⟩ in font Charis SIL!
Missing character: There is no ⟨ in font Charis SIL!
Missing character: There is no ⟩ in font Charis SIL!
Missing character: There is no ⟨ in font Charis SIL!
Missing character: There is no ⟩ in font Charis SIL!
Missing character: There is no ⟨ in font Charis SIL!
Missing character: There is no ⟩ in font Charis SIL!
Missing character: There is no ⟨ in font Charis SIL!
Missing character: There is no ⟩ in font Charis SIL!
Missing character: There is no ⟨ in font Charis SIL!
Missing character: There is no ⟩ in font Charis SIL!
Missing character: There is no ⟨ in font Charis SIL!
Missing character: There is no ⟩ in font Charis SIL!
Missing character: There is no ⟨ in font Charis SIL!
Missing character: There is no ⟩ in font Charis SIL!
Missing character: There is no ⟨ in font Charis SIL!
Missing character: There is no ⟩ in font Charis SIL!
Missing character: There is no ⟨ in font Charis SIL!
Missing character: There is no ⟩ in font Charis SIL!
Missing character: There is no ⟨ in font Charis SIL!
Missing character: There is no ⟩ in font Charis SIL!
 [9] [10]
Missing character: There is no ⟨ in font Charis SIL!
Missing character: There is no ⟩ in font Charis SIL!
Missing character: There is no ⟨ in font Charis SIL!
Missing character: There is no ⟩ in font Charis SIL!
Missing character: There is no ⟨ in font Charis SIL!
Missing character: There is no ⟩ in font Charis SIL!
 [11]
Overfull \hbox (118.19159pt too wide) in paragraph at lines 550--551
 [][] 
 []

[12] [13] [14] [15] [16] [17]
Underfull \vbox (badness 10000) detected at line 577
 []

[18] [19] [20

] [21] [22] [23] [24] [25] [26] [27

] [28

] [29] [30

] [31] [32

]
[33

] [34


] [35

] [36

]
Overfull \hbox (6.0853pt too wide) in paragraph at lines 1011--1012
[]\MainFont this text was likely the most com-
 []

[37

] [38] [39] [40] [41] [42] [43] [44]
Overfull \hbox (22.38269pt too wide) in paragraph at lines 1028--1029
\MainFont Bíblica. <Accessed: 12 June 2012>. [][][]http://www.scriptureearth.o
rg/data/cso/PDF/00-
 []

[45] [46] [47] [48] [49] [50] [51] [52] [53] [54]
Overfull \hbox (22.38269pt too wide) in paragraph at lines 1051--1052
\MainFont Bíblica. <Accessed: 12 June 2012>. [][][]http://www.scriptureearth.o
rg/data/cso/PDF/00-
 []

[55] [56] [57] [58] [59] [60] [61] [62] [63] [64]
Overfull \hbox (92.65091pt too wide) in paragraph at lines 1071--1072
\MainFont writing a particular language. http://scripts.sil.org/cms/scripts/pag
e.php?cat_id=Glossary#writingsys
 []


Underfull \hbox (badness 10000) in paragraph at lines 1071--1072

 []

[65


] (./hughjpaterson2014thesis.aux) ) 
Here is how much of TeX's memory you used:
 16094 strings out of 494535
 271251 string characters out of 3159869
 427540 words of memory out of 3000000
 19067 multiletter control sequences out of 15000+200000
 7653 words of font info for 59 fonts, out of 3000000 for 9000
 669 hyphenation exceptions out of 8191
 44i,12n,48p,25191b,502s stack positions out of 5000i,500n,10000p,200000b,50000s

Output written on hughjpaterson2014thesis.pdf (76 pages).
