\BOOKMARK [1][]{rXLingPapContents.1}{\376\377\000C\000o\000n\000t\000e\000n\000t\000s}{}% 1
\BOOKMARK [1][]{rXLingPapPreface1.1}{\376\377\000L\000i\000s\000t\000\040\000o\000f\000\040\000t\000a\000b\000l\000e\000s}{}% 2
\BOOKMARK [1][]{rXLingPapPreface2.1}{\376\377\000L\000i\000s\000t\000\040\000o\000f\000\040\000f\000i\000g\000u\000r\000e\000s}{}% 3
\BOOKMARK [1][]{rXLingPapPreface3.1}{\376\377\000L\000i\000s\000t\000\040\000o\000f\000\040\000a\000b\000b\000r\000e\000v\000i\000a\000t\000i\000o\000n\000s}{}% 4
\BOOKMARK [1][]{rXLingPapAcknowledgements.1}{\376\377\000A\000c\000k\000n\000o\000w\000l\000e\000d\000g\000e\000m\000e\000n\000t\000s}{}% 5
\BOOKMARK [1][]{rXLingPapAbstract.1}{\376\377\000A\000b\000s\000t\000r\000a\000c\000t}{}% 6
\BOOKMARK [1][]{c.1}{\376\377\0001\000\240\000I\000n\000t\000r\000o\000d\000u\000c\000t\000i\000o\000n}{}% 7
\BOOKMARK [2][]{Thesis-layout.2}{\376\377\0001\000.\0001\000\240\000\240\000T\000h\000e\000s\000i\000s\000\040\000l\000a\000y\000o\000u\000t}{c.1}% 8
\BOOKMARK [2][]{Core-Concepts.2}{\376\377\0001\000.\0002\000\240\000\240\000S\000o\000m\000e\000\040\000c\000o\000r\000e\000\040\000c\000o\000n\000c\000e\000p\000t\000s\000\040\000a\000n\000d\000\040\000t\000e\000r\000m\000s}{c.1}% 9
\BOOKMARK [1][]{c1.1}{\376\377\0002\000\240\000W\000r\000i\000t\000i\000n\000g\000,\000\040\000t\000e\000x\000t\000-\000i\000n\000p\000u\000t\000,\000\040\000a\000n\000d\000\040\000t\000y\000p\000i\000n\000g\000\040\000w\000i\000t\000h\000\040\000k\000e\000y\000b\000o\000a\000r\000d\000s}{}% 10
\BOOKMARK [2][]{s1.1.2}{\376\377\0002\000.\0001\000\240\000\240\000L\000a\000n\000g\000u\000a\000g\000e\000\040\000D\000o\000c\000u\000m\000e\000n\000t\000a\000t\000i\000o\000n\000\040\000v\000e\000r\000s\000u\000s\000\040\000L\000a\000n\000g\000u\000a\000g\000e\000\040\000D\000e\000s\000c\000r\000i\000p\000t\000i\000o\000n}{c1.1}% 11
\BOOKMARK [2][]{s1.2.2}{\376\377\0002\000.\0002\000\240\000\240\000T\000h\000e\000\040\000D\000i\000g\000i\000t\000a\000l\000\040\000R\000e\000v\000o\000l\000u\000t\000i\000o\000n}{c1.1}% 12
\BOOKMARK [2][]{s1.3.2}{\376\377\0002\000.\0003\000\240\000\240\000T\000h\000e\000\040\000E\000n\000d\000a\000n\000g\000e\000r\000e\000d\000\040\000L\000a\000n\000g\000u\000a\000g\000e\000\040\000M\000o\000v\000e\000m\000e\000n\000t}{c1.1}% 13
\BOOKMARK [2][]{s1.4.2}{\376\377\0002\000.\0004\000\240\000\240\000W\000r\000i\000t\000i\000n\000g\000\040\000i\000n\000\040\000S\000o\000c\000i\000e\000t\000y}{c1.1}% 14
\BOOKMARK [2][]{s.1.5.2}{\376\377\0002\000.\0005\000\240\000\240\000T\000h\000e\000\040\000R\000o\000l\000e\000\040\000a\000n\000d\000\040\000i\000m\000p\000a\000c\000t\000\040\000o\000f\000\040\000d\000e\000s\000i\000g\000n}{c1.1}% 15
\BOOKMARK [2][]{s1.6.2}{\376\377\0002\000.\0006\000\240\000\240\000T\000h\000e\000\040\000R\000o\000l\000e\000\040\000a\000n\000d\000\040\000i\000m\000p\000a\000c\000t\000\040\000o\000f\000\040\000t\000e\000c\000h\000n\000i\000c\000a\000l\000\040\000s\000o\000c\000i\000a\000l\000\040\000s\000y\000s\000t\000e\000m\000s}{c1.1}% 16
\BOOKMARK [2][]{s1.7.2}{\376\377\0002\000.\0007\000\240\000\240\000T\000h\000e\000\040\000o\000b\000j\000e\000c\000t\000i\000f\000i\000c\000a\000t\000i\000o\000n\000\040\000o\000f\000\040\000l\000a\000n\000g\000u\000a\000g\000e\000s}{c1.1}% 17
\BOOKMARK [1][]{c2.1}{\376\377\0003\000\240\000M\000e\000t\000h\000o\000d\000s}{}% 18
\BOOKMARK [2][]{s2.1.2}{\376\377\0003\000.\0001\000\240\000\240\000\050\000M\000e\000t\000h\000o\000d\000o\000l\000o\000g\000y\000\051\000\040\000M\000e\000t\000h\000o\000d\000o\000l\000o\000g\000i\000c\000a\000l\000\040\000c\000o\000n\000s\000i\000d\000e\000r\000a\000t\000i\000o\000n\000s}{c2.1}% 19
\BOOKMARK [2][]{s2.2.2}{\376\377\0003\000.\0002\000\240\000\240\000O\000r\000t\000h\000o\000g\000r\000a\000p\000h\000y\000\040\000t\000e\000x\000t\000\040\000s\000a\000m\000p\000l\000e\000s\000\040\000a\000n\000d\000\040\000a\000n\000a\000l\000y\000z\000e\000d\000\040\000k\000e\000y\000b\000o\000a\000r\000d\000\040\000l\000a\000y\000o\000u\000t\000s}{c2.1}% 20
\BOOKMARK [1][]{c3.1}{\376\377\0004\000\240\000\050\000R\000e\000s\000u\000l\000t\000s\000\051\000T\000h\000e\000\040\000d\000a\000t\000a\000\040\000t\000o\000\040\000b\000e\000\040\000e\000x\000p\000l\000o\000r\000e\000d}{}% 21
\BOOKMARK [2][]{s31.2}{\376\377\0004\000.\0001\000\240\000\240\000i\000m\000p\000a\000c\000t\000s}{c3.1}% 22
\BOOKMARK [2][]{s32.2}{\376\377\0004\000.\0002\000\240\000\240\000W\000h\000a\000t\000\040\000s\000h\000o\000u\000l\000d\000\040\000a\000\040\000k\000e\000y\000b\000o\000a\000r\000d\000\040\000l\000a\000y\000o\000u\000t\000\040\000e\000n\000a\000b\000l\000e\000\040\000p\000e\000o\000p\000l\000e\000\040\000t\000o\000\040\000d\000o\000?}{c3.1}% 23
\BOOKMARK [2][]{s33.2}{\376\377\0004\000.\0003\000\240\000\240\000W\000h\000a\000t\000\040\000c\000o\000m\000p\000o\000n\000e\000n\000t\000s\000\040\000d\000o\000e\000s\000\040\000t\000h\000e\000\040\000f\000r\000a\000m\000e\000w\000o\000r\000k\000\040\000n\000e\000e\000d\000\040\000t\000o\000\040\000c\000o\000n\000t\000a\000i\000n\000?}{c3.1}% 24
\BOOKMARK [1][]{c4.1}{\376\377\0005\000\240\000M\000e\000t\000h\000o\000d\000o\000l\000o\000g\000y}{}% 25
\BOOKMARK [2][]{s41.2}{\376\377\0005\000.\0001\000\240\000\240\000U\000X\000\040\000A\000n\000a\000l\000y\000s\000i\000s}{c4.1}% 26
\BOOKMARK [2][]{s42.2}{\376\377\0005\000.\0002\000\240\000\240\000M\000e\000t\000h\000o\000d\000s\000\040\000i\000n\000\040\000U\000X\000\040\000a\000n\000a\000l\000y\000s\000i\000s}{c4.1}% 27
\BOOKMARK [2][]{s44.2}{\376\377\0005\000.\0003\000\240\000\240\000T\000h\000e\000\040\000R\000o\000l\000e\000\040\000o\000f\000\040\000l\000i\000n\000g\000u\000i\000s\000t\000i\000c\000\040\000k\000n\000o\000w\000l\000e\000d\000g\000e\000\040\000i\000n\000\040\000U\000X}{c4.1}% 28
\BOOKMARK [1][]{c5.1}{\376\377\0006\000\240\000T\000h\000e\000\040\000r\000e\000s\000u\000l\000t\000s\000\040\000o\000f\000\040\000s\000e\000v\000e\000r\000a\000l\000\040\000l\000a\000n\000g\000u\000a\000g\000e\000s}{}% 29
\BOOKMARK [2][]{s51.2}{\376\377\0006\000.\0001\000\240\000\240\000U\000s\000e\000\040\000C\000a\000s\000e\000\040\000\043\0001\000\040\000M\000e\000'\000p\000h\000a\000a}{c5.1}% 30
\BOOKMARK [2][]{s52.2}{\376\377\0006\000.\0002\000\240\000\240\000U\000s\000e\000\040\000C\000a\000s\000e\000\040\000\043\0002\000\040\000C\000h\000i\000n\000a\000n\000t\000e\000c}{c5.1}% 31
\BOOKMARK [2][]{s53.2}{\376\377\0006\000.\0003\000\240\000\240\000U\000s\000e\000\040\000C\000a\000s\000e\000\040\000\043\0003\000\040\000S\000p\000a\000n\000i\000s\000h}{c5.1}% 32
\BOOKMARK [2][]{s54.2}{\376\377\0006\000.\0004\000\240\000\240\000U\000s\000e\000\040\000C\000a\000s\000e\000\040\000\043\0004\000\040\000E\000n\000g\000l\000i\000s\000h}{c5.1}% 33
\BOOKMARK [2][]{s55.2}{\376\377\0006\000.\0005\000\240\000\240\000U\000s\000e\000\040\000C\000a\000s\000e\000\040\000\043\0005\000\040\000?\000?\000?\000\040\000-\000\040\000f\000r\000o\000m\000\040\000A\000f\000r\000i\000c\000a}{c5.1}% 34
\BOOKMARK [1][]{c6.1}{\376\377\0007\000\240\000W\000h\000a\000t\000\040\000w\000e\000\040\000c\000a\000n\000\040\000o\000b\000s\000e\000r\000v\000e\000\040\000f\000r\000o\000m\000\040\000t\000h\000e\000s\000e\000\040\000U\000s\000e\000\040\000C\000a\000s\000e\000s\000\040\000a\000n\000d\000\040\000l\000a\000y\000o\000u\000t\000s}{}% 35
\BOOKMARK [1][]{rXLingPapAppendiciesPage.1}{\376\377\000A\000P\000P\000E\000N\000D\000I\000C\000E\000S}{}% 36
\BOOKMARK [1][]{a.1}{\376\377\000A\000\240\000A\000p\000p\000e\000n\000d\000i\000x\000\040\000I\000:\000\040\000G\000l\000o\000s\000s\000a\000r\000y\000\040\000o\000f\000\040\000t\000e\000c\000h\000n\000i\000c\000a\000l\000\040\000c\000o\000n\000c\000e\000p\000t\000s\000\040\000a\000n\000d\000\040\000t\000e\000r\000m\000s}{}% 37
\BOOKMARK [1][]{b.1}{\376\377\000B\000\240\000A\000p\000p\000e\000n\000d\000i\000x\000\040\000I\000I\000:\000\040\000L\000i\000s\000t\000\040\000a\000n\000d\000\040\000p\000u\000r\000p\000o\000s\000e\000\040\000o\000f\000\040\000r\000e\000f\000e\000r\000e\000n\000c\000e\000d\000\040\000s\000t\000a\000n\000d\000a\000r\000d\000s}{}% 38
\BOOKMARK [1][]{aAnalyzedTexts.1}{\376\377\000C\000\240\000A\000p\000p\000e\000n\000d\000i\000x\000\040\000I\000I\000I\000:\000\040\000F\000u\000l\000l\000\040\000t\000e\000x\000t\000\040\000o\000f\000\040\000a\000n\000a\000l\000y\000z\000e\000d\000\040\000t\000e\000x\000t}{}% 39
\BOOKMARK [2][]{s-tcf.2}{\376\377\000C\000.\0001\000\240\000\240\000M\000e\247\214\000p\000h\000a\000a\000\040\000F\000u\000l\000l\000\040\000T\000e\000x\000t}{aAnalyzedTexts.1}% 40
\BOOKMARK [2][]{s-cso.2}{\376\377\000C\000.\0002\000\240\000\240\000C\000h\000i\000n\000a\000n\000t\000e\000c\000\040\000F\000u\000l\000l\000\040\000T\000e\000x\000t}{aAnalyzedTexts.1}% 41
\BOOKMARK [1][]{rXLingPapGlossary1.1}{\376\377\000A\000p\000p\000e\000n\000d\000e\000x\000\040\000I\000:\000\040\000G\000l\000o\000s\000s\000a\000r\000y\000\040\000o\000f\000\040\000t\000e\000c\000h\000n\000i\000c\000a\000l\000\040\000c\000o\000n\000c\000e\000p\000t\000s\000\040\000a\000n\000d\000\040\000t\000e\000r\000m\000s}{}% 42
